<?xml version="1.0" encoding="UTF-8"?>
<!-- Generated by org.testng.reporters.JUnitReportReporter -->
<testsuite skipped="0" hostname="Devaraj" name="org.testleaf.testcases.TC001_LoginLogout" tests="1" failures="0" timestamp="2019-11-03T12:36:10 IST" time="16.997" errors="0">
  <testcase name="loginLogout" time="16.997" classname="org.testleaf.testcases.TC001_LoginLogout"/>
</testsuite> <!-- org.testleaf.testcases.TC001_LoginLogout -->
